{"C:\\Users\\eliez\\CascadeProjects\\family-profile-manager\\backend\\src\\config\\database.js": {"path":"C:\\Users\\eliez\\CascadeProjects\\family-profile-manager\\backend\\src\\config\\database.js","statementMap":{"0":{"start":{"line":1,"column":22},"end":{"line":1,"column":42}},"1":{"start":{"line":3,"column":18},"end":{"line":18,"column":1}},"2":{"start":{"line":20,"column":0},"end":{"line":20,"column":27}}},"fnMap":{},"branchMap":{"0":{"loc":{"start":{"line":10,"column":13},"end":{"line":10,"column":73}},"type":"cond-expr","locations":[{"start":{"line":10,"column":54},"end":{"line":10,"column":65}},{"start":{"line":10,"column":68},"end":{"line":10,"column":73}}],"line":10}},"s":{"0":4,"1":4,"2":4},"f":{},"b":{"0":[0,4]},"_coverageSchema":"1a1c01bbd47fc00a2c39e90264f33305004495a9","hash":"6db493e3c3f55350694288766795dc26143acd72"}
,"C:\\Users\\eliez\\CascadeProjects\\family-profile-manager\\backend\\src\\controllers\\activityController.js": {"path":"C:\\Users\\eliez\\CascadeProjects\\family-profile-manager\\backend\\src\\controllers\\activityController.js","statementMap":{"0":{"start":{"line":1,"column":17},"end":{"line":1,"column":46}},"1":{"start":{"line":2,"column":15},"end":{"line":2,"column":35}},"2":{"start":{"line":5,"column":0},"end":{"line":29,"column":2}},"3":{"start":{"line":6,"column":2},"end":{"line":28,"column":3}},"4":{"start":{"line":7,"column":23},"end":{"line":16,"column":6}},"5":{"start":{"line":18,"column":4},"end":{"line":21,"column":7}},"6":{"start":{"line":23,"column":4},"end":{"line":23,"column":74}},"7":{"start":{"line":24,"column":4},"end":{"line":27,"column":7}},"8":{"start":{"line":32,"column":0},"end":{"line":43,"column":2}},"9":{"start":{"line":33,"column":2},"end":{"line":42,"column":3}},"10":{"start":{"line":34,"column":4},"end":{"line":39,"column":7}},"11":{"start":{"line":41,"column":4},"end":{"line":41,"column":71}}},"fnMap":{"0":{"name":"(anonymous_0)","decl":{"start":{"line":5,"column":30},"end":{"line":5,"column":31}},"loc":{"start":{"line":5,"column":50},"end":{"line":29,"column":1}},"line":5},"1":{"name":"(anonymous_1)","decl":{"start":{"line":32,"column":25},"end":{"line":32,"column":26}},"loc":{"start":{"line":32,"column":77},"end":{"line":43,"column":1}},"line":32}},"branchMap":{"0":{"loc":{"start":{"line":32,"column":59},"end":{"line":32,"column":72}},"type":"default-arg","locations":[{"start":{"line":32,"column":70},"end":{"line":32,"column":72}}],"line":32}},"s":{"0":1,"1":1,"2":1,"3":2,"4":2,"5":1,"6":1,"7":1,"8":1,"9":3,"10":3,"11":2},"f":{"0":2,"1":3},"b":{"0":[2]},"_coverageSchema":"1a1c01bbd47fc00a2c39e90264f33305004495a9","hash":"ee34ccff24d942f1215f581cf0057b80eb2cfb79"}
,"C:\\Users\\eliez\\CascadeProjects\\family-profile-manager\\backend\\src\\controllers\\authController.js": {"path":"C:\\Users\\eliez\\CascadeProjects\\family-profile-manager\\backend\\src\\controllers\\authController.js","statementMap":{"0":{"start":{"line":1,"column":12},"end":{"line":1,"column":35}},"1":{"start":{"line":2,"column":18},"end":{"line":2,"column":38}},"2":{"start":{"line":3,"column":15},"end":{"line":3,"column":32}},"3":{"start":{"line":4,"column":15},"end":{"line":4,"column":40}},"4":{"start":{"line":5,"column":13},"end":{"line":5,"column":38}},"5":{"start":{"line":7,"column":0},"end":{"line":7,"column":47}},"6":{"start":{"line":10,"column":22},"end":{"line":16,"column":1}},"7":{"start":{"line":11,"column":2},"end":{"line":15,"column":4}},"8":{"start":{"line":19,"column":0},"end":{"line":83,"column":2}},"9":{"start":{"line":20,"column":2},"end":{"line":82,"column":3}},"10":{"start":{"line":21,"column":53},"end":{"line":21,"column":61}},"11":{"start":{"line":24,"column":25},"end":{"line":24,"column":65}},"12":{"start":{"line":25,"column":4},"end":{"line":30,"column":5}},"13":{"start":{"line":26,"column":6},"end":{"line":29,"column":9}},"14":{"start":{"line":33,"column":17},"end":{"line":38,"column":6}},"15":{"start":{"line":41,"column":19},"end":{"line":43,"column":6}},"16":{"start":{"line":45,"column":4},"end":{"line":45,"column":41}},"17":{"start":{"line":46,"column":4},"end":{"line":46,"column":22}},"18":{"start":{"line":49,"column":22},"end":{"line":49,"column":64}},"19":{"start":{"line":52,"column":30},"end":{"line":56,"column":5}},"20":{"start":{"line":58,"column":28},"end":{"line":58,"column":97}},"21":{"start":{"line":60,"column":4},"end":{"line":69,"column":7}},"22":{"start":{"line":71,"column":4},"end":{"line":75,"column":7}},"23":{"start":{"line":77,"column":4},"end":{"line":77,"column":59}},"24":{"start":{"line":78,"column":4},"end":{"line":81,"column":7}},"25":{"start":{"line":86,"column":0},"end":{"line":148,"column":2}},"26":{"start":{"line":87,"column":2},"end":{"line":147,"column":3}},"27":{"start":{"line":88,"column":39},"end":{"line":88,"column":47}},"28":{"start":{"line":91,"column":17},"end":{"line":91,"column":57}},"29":{"start":{"line":92,"column":4},"end":{"line":97,"column":5}},"30":{"start":{"line":93,"column":6},"end":{"line":96,"column":9}},"31":{"start":{"line":100,"column":4},"end":{"line":120,"column":5}},"32":{"start":{"line":101,"column":6},"end":{"line":106,"column":7}},"33":{"start":{"line":102,"column":8},"end":{"line":105,"column":11}},"34":{"start":{"line":108,"column":23},"end":{"line":112,"column":8}},"35":{"start":{"line":114,"column":6},"end":{"line":119,"column":7}},"36":{"start":{"line":115,"column":8},"end":{"line":118,"column":11}},"37":{"start":{"line":123,"column":4},"end":{"line":123,"column":32}},"38":{"start":{"line":124,"column":4},"end":{"line":124,"column":22}},"39":{"start":{"line":127,"column":21},"end":{"line":127,"column":40}},"40":{"start":{"line":129,"column":4},"end":{"line":140,"column":7}},"41":{"start":{"line":142,"column":4},"end":{"line":142,"column":57}},"42":{"start":{"line":143,"column":4},"end":{"line":146,"column":7}},"43":{"start":{"line":151,"column":0},"end":{"line":198,"column":2}},"44":{"start":{"line":152,"column":2},"end":{"line":197,"column":3}},"45":{"start":{"line":153,"column":22},"end":{"line":153,"column":30}},"46":{"start":{"line":154,"column":17},"end":{"line":154,"column":57}},"47":{"start":{"line":156,"column":4},"end":{"line":161,"column":5}},"48":{"start":{"line":157,"column":6},"end":{"line":160,"column":9}},"49":{"start":{"line":163,"column":23},"end":{"line":167,"column":5}},"50":{"start":{"line":169,"column":4},"end":{"line":169,"column":41}},"51":{"start":{"line":170,"column":4},"end":{"line":170,"column":53}},"52":{"start":{"line":171,"column":4},"end":{"line":171,"column":22}},"53":{"start":{"line":173,"column":21},"end":{"line":173,"column":85}},"54":{"start":{"line":175,"column":4},"end":{"line":185,"column":7}},"55":{"start":{"line":187,"column":4},"end":{"line":190,"column":7}},"56":{"start":{"line":192,"column":4},"end":{"line":192,"column":80}},"57":{"start":{"line":193,"column":4},"end":{"line":196,"column":7}},"58":{"start":{"line":201,"column":0},"end":{"line":228,"column":2}},"59":{"start":{"line":202,"column":2},"end":{"line":227,"column":3}},"60":{"start":{"line":203,"column":22},"end":{"line":203,"column":32}},"61":{"start":{"line":204,"column":20},"end":{"line":204,"column":61}},"62":{"start":{"line":206,"column":17},"end":{"line":206,"column":48}},"63":{"start":{"line":207,"column":4},"end":{"line":212,"column":5}},"64":{"start":{"line":208,"column":6},"end":{"line":211,"column":9}},"65":{"start":{"line":214,"column":4},"end":{"line":214,"column":32}},"66":{"start":{"line":215,"column":4},"end":{"line":215,"column":22}},"67":{"start":{"line":217,"column":4},"end":{"line":220,"column":7}},"68":{"start":{"line":222,"column":4},"end":{"line":222,"column":72}},"69":{"start":{"line":223,"column":4},"end":{"line":226,"column":7}}},"fnMap":{"0":{"name":"(anonymous_0)","decl":{"start":{"line":10,"column":22},"end":{"line":10,"column":23}},"loc":{"start":{"line":10,"column":32},"end":{"line":16,"column":1}},"line":10},"1":{"name":"(anonymous_1)","decl":{"start":{"line":19,"column":19},"end":{"line":19,"column":20}},"loc":{"start":{"line":19,"column":39},"end":{"line":83,"column":1}},"line":19},"2":{"name":"(anonymous_2)","decl":{"start":{"line":86,"column":16},"end":{"line":86,"column":17}},"loc":{"start":{"line":86,"column":36},"end":{"line":148,"column":1}},"line":86},"3":{"name":"(anonymous_3)","decl":{"start":{"line":151,"column":25},"end":{"line":151,"column":26}},"loc":{"start":{"line":151,"column":45},"end":{"line":198,"column":1}},"line":151},"4":{"name":"(anonymous_4)","decl":{"start":{"line":201,"column":22},"end":{"line":201,"column":23}},"loc":{"start":{"line":201,"column":42},"end":{"line":228,"column":1}},"line":201}},"branchMap":{"0":{"loc":{"start":{"line":25,"column":4},"end":{"line":30,"column":5}},"type":"if","locations":[{"start":{"line":25,"column":4},"end":{"line":30,"column":5}},{"start":{},"end":{}}],"line":25},"1":{"loc":{"start":{"line":92,"column":4},"end":{"line":97,"column":5}},"type":"if","locations":[{"start":{"line":92,"column":4},"end":{"line":97,"column":5}},{"start":{},"end":{}}],"line":92},"2":{"loc":{"start":{"line":92,"column":8},"end":{"line":92,"column":57}},"type":"binary-expr","locations":[{"start":{"line":92,"column":8},"end":{"line":92,"column":13}},{"start":{"line":92,"column":17},"end":{"line":92,"column":57}}],"line":92},"3":{"loc":{"start":{"line":100,"column":4},"end":{"line":120,"column":5}},"type":"if","locations":[{"start":{"line":100,"column":4},"end":{"line":120,"column":5}},{"start":{},"end":{}}],"line":100},"4":{"loc":{"start":{"line":101,"column":6},"end":{"line":106,"column":7}},"type":"if","locations":[{"start":{"line":101,"column":6},"end":{"line":106,"column":7}},{"start":{},"end":{}}],"line":101},"5":{"loc":{"start":{"line":114,"column":6},"end":{"line":119,"column":7}},"type":"if","locations":[{"start":{"line":114,"column":6},"end":{"line":119,"column":7}},{"start":{},"end":{}}],"line":114},"6":{"loc":{"start":{"line":156,"column":4},"end":{"line":161,"column":5}},"type":"if","locations":[{"start":{"line":156,"column":4},"end":{"line":161,"column":5}},{"start":{},"end":{}}],"line":156},"7":{"loc":{"start":{"line":207,"column":4},"end":{"line":212,"column":5}},"type":"if","locations":[{"start":{"line":207,"column":4},"end":{"line":212,"column":5}},{"start":{},"end":{}}],"line":207}},"s":{"0":1,"1":1,"2":1,"3":1,"4":1,"5":1,"6":1,"7":1,"8":1,"9":2,"10":2,"11":2,"12":2,"13":1,"14":1,"15":1,"16":1,"17":1,"18":1,"19":1,"20":1,"21":1,"22":1,"23":0,"24":0,"25":1,"26":3,"27":3,"28":3,"29":3,"30":1,"31":2,"32":1,"33":1,"34":0,"35":0,"36":0,"37":1,"38":1,"39":1,"40":1,"41":0,"42":0,"43":1,"44":2,"45":2,"46":2,"47":2,"48":1,"49":1,"50":1,"51":1,"52":1,"53":1,"54":1,"55":1,"56":0,"57":0,"58":1,"59":2,"60":2,"61":2,"62":1,"63":1,"64":0,"65":1,"66":1,"67":1,"68":1,"69":1},"f":{"0":1,"1":2,"2":3,"3":2,"4":2},"b":{"0":[1,1],"1":[1,2],"2":[3,3],"3":[1,1],"4":[1,0],"5":[0,0],"6":[1,1],"7":[0,1]},"_coverageSchema":"1a1c01bbd47fc00a2c39e90264f33305004495a9","hash":"87b8b1c33d56bab3d3ccf4eedc7db4cd56c64424"}
,"C:\\Users\\eliez\\CascadeProjects\\family-profile-manager\\backend\\src\\controllers\\childController.js": {"path":"C:\\Users\\eliez\\CascadeProjects\\family-profile-manager\\backend\\src\\controllers\\childController.js","statementMap":{"0":{"start":{"line":1,"column":14},"end":{"line":1,"column":40}},"1":{"start":{"line":2,"column":20},"end":{"line":2,"column":54}},"2":{"start":{"line":5,"column":0},"end":{"line":23,"column":2}},"3":{"start":{"line":6,"column":2},"end":{"line":22,"column":3}},"4":{"start":{"line":7,"column":21},"end":{"line":10,"column":6}},"5":{"start":{"line":12,"column":4},"end":{"line":15,"column":7}},"6":{"start":{"line":17,"column":4},"end":{"line":17,"column":72}},"7":{"start":{"line":18,"column":4},"end":{"line":21,"column":7}},"8":{"start":{"line":26,"column":0},"end":{"line":49,"column":2}},"9":{"start":{"line":27,"column":2},"end":{"line":48,"column":3}},"10":{"start":{"line":28,"column":56},"end":{"line":28,"column":64}},"11":{"start":{"line":30,"column":18},"end":{"line":36,"column":6}},"12":{"start":{"line":38,"column":4},"end":{"line":41,"column":7}},"13":{"start":{"line":43,"column":4},"end":{"line":43,"column":66}},"14":{"start":{"line":44,"column":4},"end":{"line":47,"column":7}},"15":{"start":{"line":52,"column":0},"end":{"line":98,"column":2}},"16":{"start":{"line":53,"column":2},"end":{"line":97,"column":3}},"17":{"start":{"line":54,"column":19},"end":{"line":54,"column":29}},"18":{"start":{"line":55,"column":56},"end":{"line":55,"column":64}},"19":{"start":{"line":57,"column":18},"end":{"line":62,"column":6}},"20":{"start":{"line":64,"column":4},"end":{"line":69,"column":5}},"21":{"start":{"line":65,"column":6},"end":{"line":68,"column":9}},"22":{"start":{"line":72,"column":4},"end":{"line":78,"column":5}},"23":{"start":{"line":73,"column":6},"end":{"line":77,"column":7}},"24":{"start":{"line":74,"column":8},"end":{"line":74,"column":50}},"25":{"start":{"line":76,"column":8},"end":{"line":76,"column":84}},"26":{"start":{"line":80,"column":4},"end":{"line":85,"column":7}},"27":{"start":{"line":87,"column":4},"end":{"line":90,"column":7}},"28":{"start":{"line":92,"column":4},"end":{"line":92,"column":72}},"29":{"start":{"line":93,"column":4},"end":{"line":96,"column":7}},"30":{"start":{"line":101,"column":0},"end":{"line":141,"column":2}},"31":{"start":{"line":102,"column":2},"end":{"line":140,"column":3}},"32":{"start":{"line":103,"column":19},"end":{"line":103,"column":29}},"33":{"start":{"line":105,"column":18},"end":{"line":110,"column":6}},"34":{"start":{"line":112,"column":4},"end":{"line":117,"column":5}},"35":{"start":{"line":113,"column":6},"end":{"line":116,"column":9}},"36":{"start":{"line":120,"column":4},"end":{"line":126,"column":5}},"37":{"start":{"line":121,"column":6},"end":{"line":125,"column":7}},"38":{"start":{"line":122,"column":8},"end":{"line":122,"column":50}},"39":{"start":{"line":124,"column":8},"end":{"line":124,"column":75}},"40":{"start":{"line":128,"column":4},"end":{"line":128,"column":26}},"41":{"start":{"line":130,"column":4},"end":{"line":133,"column":7}},"42":{"start":{"line":135,"column":4},"end":{"line":135,"column":72}},"43":{"start":{"line":136,"column":4},"end":{"line":139,"column":7}},"44":{"start":{"line":144,"column":0},"end":{"line":166,"column":2}},"45":{"start":{"line":145,"column":2},"end":{"line":165,"column":3}},"46":{"start":{"line":146,"column":4},"end":{"line":151,"column":5}},"47":{"start":{"line":147,"column":6},"end":{"line":150,"column":9}},"48":{"start":{"line":153,"column":21},"end":{"line":153,"column":78}},"49":{"start":{"line":155,"column":4},"end":{"line":158,"column":7}},"50":{"start":{"line":160,"column":4},"end":{"line":160,"column":66}},"51":{"start":{"line":161,"column":4},"end":{"line":164,"column":7}}},"fnMap":{"0":{"name":"(anonymous_0)","decl":{"start":{"line":5,"column":22},"end":{"line":5,"column":23}},"loc":{"start":{"line":5,"column":42},"end":{"line":23,"column":1}},"line":5},"1":{"name":"(anonymous_1)","decl":{"start":{"line":26,"column":19},"end":{"line":26,"column":20}},"loc":{"start":{"line":26,"column":39},"end":{"line":49,"column":1}},"line":26},"2":{"name":"(anonymous_2)","decl":{"start":{"line":52,"column":22},"end":{"line":52,"column":23}},"loc":{"start":{"line":52,"column":42},"end":{"line":98,"column":1}},"line":52},"3":{"name":"(anonymous_3)","decl":{"start":{"line":101,"column":22},"end":{"line":101,"column":23}},"loc":{"start":{"line":101,"column":42},"end":{"line":141,"column":1}},"line":101},"4":{"name":"(anonymous_4)","decl":{"start":{"line":144,"column":22},"end":{"line":144,"column":23}},"loc":{"start":{"line":144,"column":42},"end":{"line":166,"column":1}},"line":144}},"branchMap":{"0":{"loc":{"start":{"line":64,"column":4},"end":{"line":69,"column":5}},"type":"if","locations":[{"start":{"line":64,"column":4},"end":{"line":69,"column":5}},{"start":{},"end":{}}],"line":64},"1":{"loc":{"start":{"line":72,"column":4},"end":{"line":78,"column":5}},"type":"if","locations":[{"start":{"line":72,"column":4},"end":{"line":78,"column":5}},{"start":{},"end":{}}],"line":72},"2":{"loc":{"start":{"line":72,"column":8},"end":{"line":72,"column":53}},"type":"binary-expr","locations":[{"start":{"line":72,"column":8},"end":{"line":72,"column":13}},{"start":{"line":72,"column":17},"end":{"line":72,"column":38}},{"start":{"line":72,"column":42},"end":{"line":72,"column":53}}],"line":72},"3":{"loc":{"start":{"line":112,"column":4},"end":{"line":117,"column":5}},"type":"if","locations":[{"start":{"line":112,"column":4},"end":{"line":117,"column":5}},{"start":{},"end":{}}],"line":112},"4":{"loc":{"start":{"line":120,"column":4},"end":{"line":126,"column":5}},"type":"if","locations":[{"start":{"line":120,"column":4},"end":{"line":126,"column":5}},{"start":{},"end":{}}],"line":120},"5":{"loc":{"start":{"line":146,"column":4},"end":{"line":151,"column":5}},"type":"if","locations":[{"start":{"line":146,"column":4},"end":{"line":151,"column":5}},{"start":{},"end":{}}],"line":146}},"s":{"0":1,"1":1,"2":1,"3":2,"4":2,"5":1,"6":1,"7":1,"8":1,"9":2,"10":2,"11":2,"12":1,"13":1,"14":1,"15":1,"16":2,"17":2,"18":2,"19":2,"20":2,"21":1,"22":1,"23":0,"24":0,"25":0,"26":1,"27":1,"28":0,"29":0,"30":1,"31":2,"32":2,"33":2,"34":2,"35":1,"36":1,"37":1,"38":1,"39":0,"40":1,"41":1,"42":0,"43":0,"44":1,"45":3,"46":3,"47":1,"48":2,"49":1,"50":1,"51":1},"f":{"0":2,"1":2,"2":2,"3":2,"4":3},"b":{"0":[1,1],"1":[0,1],"2":[1,1,0],"3":[1,1],"4":[1,0],"5":[1,2]},"_coverageSchema":"1a1c01bbd47fc00a2c39e90264f33305004495a9","hash":"0127f48ec6d446703b173ea36556668c2b3b64ee"}
,"C:\\Users\\eliez\\CascadeProjects\\family-profile-manager\\backend\\src\\middlewares\\auth.js": {"path":"C:\\Users\\eliez\\CascadeProjects\\family-profile-manager\\backend\\src\\middlewares\\auth.js","statementMap":{"0":{"start":{"line":1,"column":12},"end":{"line":1,"column":35}},"1":{"start":{"line":2,"column":13},"end":{"line":2,"column":38}},"2":{"start":{"line":4,"column":0},"end":{"line":66,"column":2}},"3":{"start":{"line":5,"column":2},"end":{"line":65,"column":3}},"4":{"start":{"line":8,"column":4},"end":{"line":10,"column":5}},"5":{"start":{"line":9,"column":6},"end":{"line":9,"column":54}},"6":{"start":{"line":12,"column":4},"end":{"line":17,"column":5}},"7":{"start":{"line":13,"column":6},"end":{"line":16,"column":9}},"8":{"start":{"line":21,"column":4},"end":{"line":37,"column":5}},"9":{"start":{"line":22,"column":6},"end":{"line":22,"column":58}},"10":{"start":{"line":24,"column":6},"end":{"line":29,"column":7}},"11":{"start":{"line":25,"column":8},"end":{"line":28,"column":11}},"12":{"start":{"line":30,"column":6},"end":{"line":35,"column":7}},"13":{"start":{"line":31,"column":8},"end":{"line":34,"column":11}},"14":{"start":{"line":36,"column":6},"end":{"line":36,"column":18}},"15":{"start":{"line":40,"column":17},"end":{"line":40,"column":48}},"16":{"start":{"line":41,"column":4},"end":{"line":46,"column":5}},"17":{"start":{"line":42,"column":6},"end":{"line":45,"column":9}},"18":{"start":{"line":49,"column":4},"end":{"line":54,"column":5}},"19":{"start":{"line":50,"column":6},"end":{"line":53,"column":9}},"20":{"start":{"line":57,"column":4},"end":{"line":57,"column":20}},"21":{"start":{"line":58,"column":4},"end":{"line":58,"column":11}},"22":{"start":{"line":60,"column":4},"end":{"line":60,"column":56}},"23":{"start":{"line":61,"column":4},"end":{"line":64,"column":7}}},"fnMap":{"0":{"name":"(anonymous_0)","decl":{"start":{"line":4,"column":18},"end":{"line":4,"column":19}},"loc":{"start":{"line":4,"column":44},"end":{"line":66,"column":1}},"line":4}},"branchMap":{"0":{"loc":{"start":{"line":8,"column":4},"end":{"line":10,"column":5}},"type":"if","locations":[{"start":{"line":8,"column":4},"end":{"line":10,"column":5}},{"start":{},"end":{}}],"line":8},"1":{"loc":{"start":{"line":8,"column":8},"end":{"line":8,"column":83}},"type":"binary-expr","locations":[{"start":{"line":8,"column":8},"end":{"line":8,"column":33}},{"start":{"line":8,"column":37},"end":{"line":8,"column":83}}],"line":8},"2":{"loc":{"start":{"line":12,"column":4},"end":{"line":17,"column":5}},"type":"if","locations":[{"start":{"line":12,"column":4},"end":{"line":17,"column":5}},{"start":{},"end":{}}],"line":12},"3":{"loc":{"start":{"line":24,"column":6},"end":{"line":29,"column":7}},"type":"if","locations":[{"start":{"line":24,"column":6},"end":{"line":29,"column":7}},{"start":{},"end":{}}],"line":24},"4":{"loc":{"start":{"line":30,"column":6},"end":{"line":35,"column":7}},"type":"if","locations":[{"start":{"line":30,"column":6},"end":{"line":35,"column":7}},{"start":{},"end":{}}],"line":30},"5":{"loc":{"start":{"line":41,"column":4},"end":{"line":46,"column":5}},"type":"if","locations":[{"start":{"line":41,"column":4},"end":{"line":46,"column":5}},{"start":{},"end":{}}],"line":41},"6":{"loc":{"start":{"line":49,"column":4},"end":{"line":54,"column":5}},"type":"if","locations":[{"start":{"line":49,"column":4},"end":{"line":54,"column":5}},{"start":{},"end":{}}],"line":49}},"s":{"0":1,"1":1,"2":1,"3":6,"4":6,"5":5,"6":6,"7":1,"8":5,"9":5,"10":2,"11":1,"12":1,"13":1,"14":0,"15":3,"16":3,"17":1,"18":2,"19":1,"20":1,"21":1,"22":0,"23":0},"f":{"0":6},"b":{"0":[5,1],"1":[6,5],"2":[1,5],"3":[1,1],"4":[1,0],"5":[1,2],"6":[1,1]},"_coverageSchema":"1a1c01bbd47fc00a2c39e90264f33305004495a9","hash":"6a5ae3ad89594a4a5b7d809d3d42929eec7a4503"}
,"C:\\Users\\eliez\\CascadeProjects\\family-profile-manager\\backend\\src\\models\\Activity.js": {"path":"C:\\Users\\eliez\\CascadeProjects\\family-profile-manager\\backend\\src\\models\\Activity.js","statementMap":{"0":{"start":{"line":1,"column":22},"end":{"line":1,"column":42}},"1":{"start":{"line":2,"column":18},"end":{"line":2,"column":47}},"2":{"start":{"line":4,"column":17},"end":{"line":30,"column":2}},"3":{"start":{"line":32,"column":0},"end":{"line":32,"column":26}}},"fnMap":{},"branchMap":{},"s":{"0":1,"1":1,"2":1,"3":1},"f":{},"b":{},"_coverageSchema":"1a1c01bbd47fc00a2c39e90264f33305004495a9","hash":"e87c6427fd5fa804da53dddd715a2803dfb13e4b"}
,"C:\\Users\\eliez\\CascadeProjects\\family-profile-manager\\backend\\src\\models\\Child.js": {"path":"C:\\Users\\eliez\\CascadeProjects\\family-profile-manager\\backend\\src\\models\\Child.js","statementMap":{"0":{"start":{"line":1,"column":22},"end":{"line":1,"column":42}},"1":{"start":{"line":2,"column":18},"end":{"line":2,"column":47}},"2":{"start":{"line":4,"column":14},"end":{"line":34,"column":2}},"3":{"start":{"line":36,"column":0},"end":{"line":36,"column":23}}},"fnMap":{},"branchMap":{},"s":{"0":1,"1":1,"2":1,"3":1},"f":{},"b":{},"_coverageSchema":"1a1c01bbd47fc00a2c39e90264f33305004495a9","hash":"92b1adba5c2496ab082af3b8ab7814b4da899ff7"}
,"C:\\Users\\eliez\\CascadeProjects\\family-profile-manager\\backend\\src\\models\\User.js": {"path":"C:\\Users\\eliez\\CascadeProjects\\family-profile-manager\\backend\\src\\models\\User.js","statementMap":{"0":{"start":{"line":1,"column":22},"end":{"line":1,"column":42}},"1":{"start":{"line":2,"column":18},"end":{"line":2,"column":47}},"2":{"start":{"line":3,"column":15},"end":{"line":3,"column":34}},"3":{"start":{"line":5,"column":13},"end":{"line":80,"column":2}},"4":{"start":{"line":70,"column":6},"end":{"line":72,"column":7}},"5":{"start":{"line":71,"column":8},"end":{"line":71,"column":61}},"6":{"start":{"line":75,"column":6},"end":{"line":77,"column":7}},"7":{"start":{"line":76,"column":8},"end":{"line":76,"column":61}},"8":{"start":{"line":82,"column":0},"end":{"line":84,"column":2}},"9":{"start":{"line":83,"column":2},"end":{"line":83,"column":55}},"10":{"start":{"line":86,"column":0},"end":{"line":86,"column":22}}},"fnMap":{"0":{"name":"(anonymous_0)","decl":{"start":{"line":69,"column":18},"end":{"line":69,"column":19}},"loc":{"start":{"line":69,"column":34},"end":{"line":73,"column":5}},"line":69},"1":{"name":"(anonymous_1)","decl":{"start":{"line":74,"column":18},"end":{"line":74,"column":19}},"loc":{"start":{"line":74,"column":34},"end":{"line":78,"column":5}},"line":74},"2":{"name":"(anonymous_2)","decl":{"start":{"line":82,"column":34},"end":{"line":82,"column":35}},"loc":{"start":{"line":82,"column":59},"end":{"line":84,"column":1}},"line":82}},"branchMap":{"0":{"loc":{"start":{"line":70,"column":6},"end":{"line":72,"column":7}},"type":"if","locations":[{"start":{"line":70,"column":6},"end":{"line":72,"column":7}},{"start":{},"end":{}}],"line":70},"1":{"loc":{"start":{"line":75,"column":6},"end":{"line":77,"column":7}},"type":"if","locations":[{"start":{"line":75,"column":6},"end":{"line":77,"column":7}},{"start":{},"end":{}}],"line":75}},"s":{"0":2,"1":2,"2":2,"3":2,"4":0,"5":0,"6":0,"7":0,"8":2,"9":0,"10":2},"f":{"0":0,"1":0,"2":0},"b":{"0":[0,0],"1":[0,0]},"_coverageSchema":"1a1c01bbd47fc00a2c39e90264f33305004495a9","hash":"dae940fa4365a26321487df94dcfda99a0c5965e"}
,"C:\\Users\\eliez\\CascadeProjects\\family-profile-manager\\backend\\src\\services\\fileService.js": {"path":"C:\\Users\\eliez\\CascadeProjects\\family-profile-manager\\backend\\src\\services\\fileService.js","statementMap":{"0":{"start":{"line":1,"column":60},"end":{"line":1,"column":89}},"1":{"start":{"line":2,"column":23},"end":{"line":2,"column":38}},"2":{"start":{"line":5,"column":17},"end":{"line":11,"column":2}},"3":{"start":{"line":14,"column":31},"end":{"line":17,"column":1}},"4":{"start":{"line":15,"column":20},"end":{"line":15,"column":49}},"5":{"start":{"line":16,"column":2},"end":{"line":16,"column":36}},"6":{"start":{"line":20,"column":26},"end":{"line":28,"column":1}},"7":{"start":{"line":21,"column":2},"end":{"line":27,"column":3}},"8":{"start":{"line":22,"column":16},"end":{"line":22,"column":32}},"9":{"start":{"line":23,"column":22},"end":{"line":23,"column":45}},"10":{"start":{"line":24,"column":4},"end":{"line":24,"column":43}},"11":{"start":{"line":26,"column":4},"end":{"line":26,"column":47}},"12":{"start":{"line":31,"column":0},"end":{"line":54,"column":2}},"13":{"start":{"line":32,"column":2},"end":{"line":34,"column":3}},"14":{"start":{"line":33,"column":4},"end":{"line":33,"column":40}},"15":{"start":{"line":36,"column":19},"end":{"line":36,"column":60}},"16":{"start":{"line":37,"column":14},"end":{"line":37,"column":57}},"17":{"start":{"line":39,"column":17},"end":{"line":45,"column":3}},"18":{"start":{"line":47,"column":2},"end":{"line":53,"column":3}},"19":{"start":{"line":48,"column":4},"end":{"line":48,"column":54}},"20":{"start":{"line":49,"column":4},"end":{"line":49,"column":101}},"21":{"start":{"line":51,"column":4},"end":{"line":51,"column":61}},"22":{"start":{"line":52,"column":4},"end":{"line":52,"column":77}},"23":{"start":{"line":57,"column":0},"end":{"line":74,"column":2}},"24":{"start":{"line":58,"column":2},"end":{"line":60,"column":3}},"25":{"start":{"line":59,"column":4},"end":{"line":59,"column":50}},"26":{"start":{"line":62,"column":2},"end":{"line":73,"column":3}},"27":{"start":{"line":63,"column":16},"end":{"line":63,"column":42}},"28":{"start":{"line":64,"column":19},"end":{"line":67,"column":5}},"29":{"start":{"line":69,"column":4},"end":{"line":69,"column":57}},"30":{"start":{"line":71,"column":4},"end":{"line":71,"column":66}},"31":{"start":{"line":72,"column":4},"end":{"line":72,"column":82}}},"fnMap":{"0":{"name":"(anonymous_0)","decl":{"start":{"line":14,"column":31},"end":{"line":14,"column":32}},"loc":{"start":{"line":14,"column":49},"end":{"line":17,"column":1}},"line":14},"1":{"name":"(anonymous_1)","decl":{"start":{"line":20,"column":26},"end":{"line":20,"column":27}},"loc":{"start":{"line":20,"column":39},"end":{"line":28,"column":1}},"line":20},"2":{"name":"(anonymous_2)","decl":{"start":{"line":31,"column":21},"end":{"line":31,"column":22}},"loc":{"start":{"line":31,"column":50},"end":{"line":54,"column":1}},"line":31},"3":{"name":"(anonymous_3)","decl":{"start":{"line":57,"column":21},"end":{"line":57,"column":22}},"loc":{"start":{"line":57,"column":40},"end":{"line":74,"column":1}},"line":57}},"branchMap":{"0":{"loc":{"start":{"line":31,"column":34},"end":{"line":31,"column":45}},"type":"default-arg","locations":[{"start":{"line":31,"column":43},"end":{"line":31,"column":45}}],"line":31},"1":{"loc":{"start":{"line":32,"column":2},"end":{"line":34,"column":3}},"type":"if","locations":[{"start":{"line":32,"column":2},"end":{"line":34,"column":3}},{"start":{},"end":{}}],"line":32},"2":{"loc":{"start":{"line":32,"column":6},"end":{"line":32,"column":27}},"type":"binary-expr","locations":[{"start":{"line":32,"column":6},"end":{"line":32,"column":11}},{"start":{"line":32,"column":15},"end":{"line":32,"column":27}}],"line":32},"3":{"loc":{"start":{"line":37,"column":14},"end":{"line":37,"column":57}},"type":"cond-expr","locations":[{"start":{"line":37,"column":23},"end":{"line":37,"column":46}},{"start":{"line":37,"column":49},"end":{"line":37,"column":57}}],"line":37},"4":{"loc":{"start":{"line":58,"column":2},"end":{"line":60,"column":3}},"type":"if","locations":[{"start":{"line":58,"column":2},"end":{"line":60,"column":3}},{"start":{},"end":{}}],"line":58}},"s":{"0":2,"1":2,"2":2,"3":2,"4":2,"5":2,"6":2,"7":3,"8":3,"9":2,"10":2,"11":1,"12":2,"13":4,"14":2,"15":2,"16":2,"17":2,"18":2,"19":2,"20":1,"21":1,"22":1,"23":2,"24":4,"25":1,"26":3,"27":3,"28":2,"29":2,"30":2,"31":2},"f":{"0":2,"1":3,"2":4,"3":4},"b":{"0":[3],"1":[2,2],"2":[4,3],"3":[1,1],"4":[1,3]},"_coverageSchema":"1a1c01bbd47fc00a2c39e90264f33305004495a9","hash":"4eb8e399c1dbc5a48b1ad0f7173983a666cfa330"}
,"C:\\Users\\eliez\\CascadeProjects\\family-profile-manager\\backend\\src\\validators\\childValidator.js": {"path":"C:\\Users\\eliez\\CascadeProjects\\family-profile-manager\\backend\\src\\validators\\childValidator.js","statementMap":{"0":{"start":{"line":1,"column":12},"end":{"line":1,"column":26}},"1":{"start":{"line":3,"column":22},"end":{"line":14,"column":1}},"2":{"start":{"line":4,"column":17},"end":{"line":11,"column":4}},"3":{"start":{"line":13,"column":2},"end":{"line":13,"column":31}},"4":{"start":{"line":16,"column":0},"end":{"line":18,"column":2}}},"fnMap":{"0":{"name":"(anonymous_0)","decl":{"start":{"line":3,"column":22},"end":{"line":3,"column":23}},"loc":{"start":{"line":3,"column":32},"end":{"line":14,"column":1}},"line":3}},"branchMap":{},"s":{"0":1,"1":1,"2":8,"3":8,"4":1},"f":{"0":8},"b":{},"_coverageSchema":"1a1c01bbd47fc00a2c39e90264f33305004495a9","hash":"ef6c077e8879e485629a25f5ba1702c9a0dcad23"}
,"C:\\Users\\eliez\\CascadeProjects\\family-profile-manager\\backend\\src\\validators\\userValidator.js": {"path":"C:\\Users\\eliez\\CascadeProjects\\family-profile-manager\\backend\\src\\validators\\userValidator.js","statementMap":{"0":{"start":{"line":1,"column":12},"end":{"line":1,"column":26}},"1":{"start":{"line":3,"column":24},"end":{"line":3,"column":94}},"2":{"start":{"line":5,"column":29},"end":{"line":17,"column":1}},"3":{"start":{"line":6,"column":17},"end":{"line":14,"column":4}},"4":{"start":{"line":16,"column":2},"end":{"line":16,"column":31}},"5":{"start":{"line":19,"column":22},"end":{"line":27,"column":1}},"6":{"start":{"line":20,"column":17},"end":{"line":24,"column":4}},"7":{"start":{"line":26,"column":2},"end":{"line":26,"column":31}},"8":{"start":{"line":29,"column":30},"end":{"line":42,"column":1}},"9":{"start":{"line":30,"column":17},"end":{"line":39,"column":4}},"10":{"start":{"line":41,"column":2},"end":{"line":41,"column":31}},"11":{"start":{"line":44,"column":0},"end":{"line":48,"column":2}}},"fnMap":{"0":{"name":"(anonymous_0)","decl":{"start":{"line":5,"column":29},"end":{"line":5,"column":30}},"loc":{"start":{"line":5,"column":39},"end":{"line":17,"column":1}},"line":5},"1":{"name":"(anonymous_1)","decl":{"start":{"line":19,"column":22},"end":{"line":19,"column":23}},"loc":{"start":{"line":19,"column":32},"end":{"line":27,"column":1}},"line":19},"2":{"name":"(anonymous_2)","decl":{"start":{"line":29,"column":30},"end":{"line":29,"column":31}},"loc":{"start":{"line":29,"column":40},"end":{"line":42,"column":1}},"line":29}},"branchMap":{},"s":{"0":1,"1":1,"2":1,"3":4,"4":4,"5":1,"6":4,"7":4,"8":1,"9":4,"10":4,"11":1},"f":{"0":4,"1":4,"2":4},"b":{},"_coverageSchema":"1a1c01bbd47fc00a2c39e90264f33305004495a9","hash":"fa37011abd020b647bdb621096134ce4d8fc080d"}
}
