TN:
SF:src\config\database.js
FNF:0
FNH:0
DA:1,4
DA:3,4
DA:20,4
LF:3
LH:3
BRDA:10,0,0,0
BRDA:10,0,1,4
BRF:2
BRH:1
end_of_record
TN:
SF:src\controllers\activityController.js
FN:5,(anonymous_0)
FN:32,(anonymous_1)
FNF:2
FNH:2
FNDA:2,(anonymous_0)
FNDA:3,(anonymous_1)
DA:1,1
DA:2,1
DA:5,1
DA:6,2
DA:7,2
DA:18,1
DA:23,1
DA:24,1
DA:32,1
DA:33,3
DA:34,3
DA:41,2
LF:12
LH:12
BRDA:32,0,0,2
BRF:1
BRH:1
end_of_record
TN:
SF:src\controllers\authController.js
FN:10,(anonymous_0)
FN:19,(anonymous_1)
FN:86,(anonymous_2)
FN:151,(anonymous_3)
FN:201,(anonymous_4)
FNF:5
FNH:5
FNDA:1,(anonymous_0)
FNDA:2,(anonymous_1)
FNDA:3,(anonymous_2)
FNDA:2,(anonymous_3)
FNDA:2,(anonymous_4)
DA:1,1
DA:2,1
DA:3,1
DA:4,1
DA:5,1
DA:7,1
DA:10,1
DA:11,1
DA:19,1
DA:20,2
DA:21,2
DA:24,2
DA:25,2
DA:26,1
DA:33,1
DA:41,1
DA:45,1
DA:46,1
DA:49,1
DA:52,1
DA:58,1
DA:60,1
DA:71,1
DA:77,0
DA:78,0
DA:86,1
DA:87,3
DA:88,3
DA:91,3
DA:92,3
DA:93,1
DA:100,2
DA:101,1
DA:102,1
DA:108,0
DA:114,0
DA:115,0
DA:123,1
DA:124,1
DA:127,1
DA:129,1
DA:142,0
DA:143,0
DA:151,1
DA:152,2
DA:153,2
DA:154,2
DA:156,2
DA:157,1
DA:163,1
DA:169,1
DA:170,1
DA:171,1
DA:173,1
DA:175,1
DA:187,1
DA:192,0
DA:193,0
DA:201,1
DA:202,2
DA:203,2
DA:204,2
DA:206,1
DA:207,1
DA:208,0
DA:214,1
DA:215,1
DA:217,1
DA:222,1
DA:223,1
LF:70
LH:60
BRDA:25,0,0,1
BRDA:25,0,1,1
BRDA:92,1,0,1
BRDA:92,1,1,2
BRDA:92,2,0,3
BRDA:92,2,1,3
BRDA:100,3,0,1
BRDA:100,3,1,1
BRDA:101,4,0,1
BRDA:101,4,1,0
BRDA:114,5,0,0
BRDA:114,5,1,0
BRDA:156,6,0,1
BRDA:156,6,1,1
BRDA:207,7,0,0
BRDA:207,7,1,1
BRF:16
BRH:12
end_of_record
TN:
SF:src\controllers\childController.js
FN:5,(anonymous_0)
FN:26,(anonymous_1)
FN:52,(anonymous_2)
FN:101,(anonymous_3)
FN:144,(anonymous_4)
FNF:5
FNH:5
FNDA:2,(anonymous_0)
FNDA:2,(anonymous_1)
FNDA:2,(anonymous_2)
FNDA:2,(anonymous_3)
FNDA:3,(anonymous_4)
DA:1,1
DA:2,1
DA:5,1
DA:6,2
DA:7,2
DA:12,1
DA:17,1
DA:18,1
DA:26,1
DA:27,2
DA:28,2
DA:30,2
DA:38,1
DA:43,1
DA:44,1
DA:52,1
DA:53,2
DA:54,2
DA:55,2
DA:57,2
DA:64,2
DA:65,1
DA:72,1
DA:73,0
DA:74,0
DA:76,0
DA:80,1
DA:87,1
DA:92,0
DA:93,0
DA:101,1
DA:102,2
DA:103,2
DA:105,2
DA:112,2
DA:113,1
DA:120,1
DA:121,1
DA:122,1
DA:124,0
DA:128,1
DA:130,1
DA:135,0
DA:136,0
DA:144,1
DA:145,3
DA:146,3
DA:147,1
DA:153,2
DA:155,1
DA:160,1
DA:161,1
LF:52
LH:44
BRDA:64,0,0,1
BRDA:64,0,1,1
BRDA:72,1,0,0
BRDA:72,1,1,1
BRDA:72,2,0,1
BRDA:72,2,1,1
BRDA:72,2,2,0
BRDA:112,3,0,1
BRDA:112,3,1,1
BRDA:120,4,0,1
BRDA:120,4,1,0
BRDA:146,5,0,1
BRDA:146,5,1,2
BRF:13
BRH:10
end_of_record
TN:
SF:src\middlewares\auth.js
FN:4,(anonymous_0)
FNF:1
FNH:1
FNDA:6,(anonymous_0)
DA:1,1
DA:2,1
DA:4,1
DA:5,6
DA:8,6
DA:9,5
DA:12,6
DA:13,1
DA:21,5
DA:22,5
DA:24,2
DA:25,1
DA:30,1
DA:31,1
DA:36,0
DA:40,3
DA:41,3
DA:42,1
DA:49,2
DA:50,1
DA:57,1
DA:58,1
DA:60,0
DA:61,0
LF:24
LH:21
BRDA:8,0,0,5
BRDA:8,0,1,1
BRDA:8,1,0,6
BRDA:8,1,1,5
BRDA:12,2,0,1
BRDA:12,2,1,5
BRDA:24,3,0,1
BRDA:24,3,1,1
BRDA:30,4,0,1
BRDA:30,4,1,0
BRDA:41,5,0,1
BRDA:41,5,1,2
BRDA:49,6,0,1
BRDA:49,6,1,1
BRF:14
BRH:13
end_of_record
TN:
SF:src\models\Activity.js
FNF:0
FNH:0
DA:1,1
DA:2,1
DA:4,1
DA:32,1
LF:4
LH:4
BRF:0
BRH:0
end_of_record
TN:
SF:src\models\Child.js
FNF:0
FNH:0
DA:1,1
DA:2,1
DA:4,1
DA:36,1
LF:4
LH:4
BRF:0
BRH:0
end_of_record
TN:
SF:src\models\User.js
FN:69,(anonymous_0)
FN:74,(anonymous_1)
FN:82,(anonymous_2)
FNF:3
FNH:0
FNDA:0,(anonymous_0)
FNDA:0,(anonymous_1)
FNDA:0,(anonymous_2)
DA:1,2
DA:2,2
DA:3,2
DA:5,2
DA:70,0
DA:71,0
DA:75,0
DA:76,0
DA:82,2
DA:83,0
DA:86,2
LF:11
LH:6
BRDA:70,0,0,0
BRDA:70,0,1,0
BRDA:75,1,0,0
BRDA:75,1,1,0
BRF:4
BRH:0
end_of_record
TN:
SF:src\services\fileService.js
FN:14,(anonymous_0)
FN:20,(anonymous_1)
FN:31,(anonymous_2)
FN:57,(anonymous_3)
FNF:4
FNH:4
FNDA:2,(anonymous_0)
FNDA:3,(anonymous_1)
FNDA:4,(anonymous_2)
FNDA:4,(anonymous_3)
DA:1,2
DA:2,2
DA:5,2
DA:14,2
DA:15,2
DA:16,2
DA:20,2
DA:21,3
DA:22,3
DA:23,2
DA:24,2
DA:26,1
DA:31,2
DA:32,4
DA:33,2
DA:36,2
DA:37,2
DA:39,2
DA:47,2
DA:48,2
DA:49,1
DA:51,1
DA:52,1
DA:57,2
DA:58,4
DA:59,1
DA:62,3
DA:63,3
DA:64,2
DA:69,2
DA:71,2
DA:72,2
LF:32
LH:32
BRDA:31,0,0,3
BRDA:32,1,0,2
BRDA:32,1,1,2
BRDA:32,2,0,4
BRDA:32,2,1,3
BRDA:37,3,0,1
BRDA:37,3,1,1
BRDA:58,4,0,1
BRDA:58,4,1,3
BRF:9
BRH:9
end_of_record
TN:
SF:src\validators\childValidator.js
FN:3,(anonymous_0)
FNF:1
FNH:1
FNDA:8,(anonymous_0)
DA:1,1
DA:3,1
DA:4,8
DA:13,8
DA:16,1
LF:5
LH:5
BRF:0
BRH:0
end_of_record
TN:
SF:src\validators\userValidator.js
FN:5,(anonymous_0)
FN:19,(anonymous_1)
FN:29,(anonymous_2)
FNF:3
FNH:3
FNDA:4,(anonymous_0)
FNDA:4,(anonymous_1)
FNDA:4,(anonymous_2)
DA:1,1
DA:3,1
DA:5,1
DA:6,4
DA:16,4
DA:19,1
DA:20,4
DA:26,4
DA:29,1
DA:30,4
DA:41,4
DA:44,1
LF:12
LH:12
BRF:0
BRH:0
end_of_record
